<?xml version="1.0" encoding="UTF-8"?>
<testng-results ignored="0" total="8" passed="7" failed="1" skipped="0">
  <reporter-output>
  </reporter-output>
  <suite started-at="2023-06-06T19:50:56 IST" name="Default suite" finished-at="2023-06-06T19:52:45 IST" duration-ms="109153">
    <groups>
    </groups>
    <test started-at="2023-06-06T19:50:56 IST" name="Default test" finished-at="2023-06-06T19:52:45 IST" duration-ms="109153">
      <class name="com.bhicmspkg.Tests.PurchaseTest">
        <test-method is-config="true" signature="Launchbrowser()[pri:0, instance:com.bhicmspkg.Tests.PurchaseTest@71687585]" started-at="2023-06-06T19:50:56 IST" name="Launchbrowser" finished-at="2023-06-06T19:50:58 IST" duration-ms="2817" status="PASS">
          <reporter-output>
          </reporter-output>
        </test-method> <!-- Launchbrowser -->
        <test-method is-config="true" signature="Login()[pri:0, instance:com.bhicmspkg.Tests.PurchaseTest@71687585]" started-at="2023-06-06T19:50:58 IST" name="Login" finished-at="2023-06-06T19:51:04 IST" duration-ms="5759" status="PASS">
          <reporter-output>
          </reporter-output>
        </test-method> <!-- Login -->
        <test-method signature="PurchaseOrderCreation()[pri:0, instance:com.bhicmspkg.Tests.PurchaseTest@71687585]" started-at="2023-06-06T19:51:04 IST" name="PurchaseOrderCreation" finished-at="2023-06-06T19:51:10 IST" duration-ms="5301" status="PASS">
          <reporter-output>
          </reporter-output>
        </test-method> <!-- PurchaseOrderCreation -->
        <test-method is-config="true" signature="Logout()[pri:0, instance:com.bhicmspkg.Tests.PurchaseTest@71687585]" started-at="2023-06-06T19:51:10 IST" name="Logout" finished-at="2023-06-06T19:51:13 IST" duration-ms="3123" status="PASS">
          <reporter-output>
          </reporter-output>
        </test-method> <!-- Logout -->
        <test-method is-config="true" signature="Login()[pri:0, instance:com.bhicmspkg.Tests.PurchaseTest@71687585]" started-at="2023-06-06T19:51:13 IST" name="Login" finished-at="2023-06-06T19:51:16 IST" duration-ms="3597" status="PASS">
          <reporter-output>
          </reporter-output>
        </test-method> <!-- Login -->
        <test-method signature="PurchaseOrder_Approval()[pri:0, instance:com.bhicmspkg.Tests.PurchaseTest@71687585]" started-at="2023-06-06T19:51:16 IST" name="PurchaseOrder_Approval" finished-at="2023-06-06T19:51:20 IST" duration-ms="3768" status="PASS">
          <reporter-output>
          </reporter-output>
        </test-method> <!-- PurchaseOrder_Approval -->
        <test-method is-config="true" signature="Logout()[pri:0, instance:com.bhicmspkg.Tests.PurchaseTest@71687585]" started-at="2023-06-06T19:51:20 IST" name="Logout" finished-at="2023-06-06T19:51:23 IST" duration-ms="3179" status="PASS">
          <reporter-output>
          </reporter-output>
        </test-method> <!-- Logout -->
        <test-method is-config="true" signature="Login()[pri:0, instance:com.bhicmspkg.Tests.PurchaseTest@71687585]" started-at="2023-06-06T19:51:23 IST" name="Login" finished-at="2023-06-06T19:51:27 IST" duration-ms="3555" status="PASS">
          <reporter-output>
          </reporter-output>
        </test-method> <!-- Login -->
        <test-method signature="PurchaseOrder_Bill()[pri:0, instance:com.bhicmspkg.Tests.PurchaseTest@71687585]" started-at="2023-06-06T19:51:27 IST" name="PurchaseOrder_Bill" finished-at="2023-06-06T19:51:49 IST" duration-ms="22585" status="PASS">
          <reporter-output>
          </reporter-output>
        </test-method> <!-- PurchaseOrder_Bill -->
        <test-method is-config="true" signature="Logout()[pri:0, instance:com.bhicmspkg.Tests.PurchaseTest@71687585]" started-at="2023-06-06T19:51:49 IST" name="Logout" finished-at="2023-06-06T19:51:55 IST" duration-ms="6036" status="PASS">
          <reporter-output>
          </reporter-output>
        </test-method> <!-- Logout -->
        <test-method is-config="true" signature="Login()[pri:0, instance:com.bhicmspkg.Tests.PurchaseTest@71687585]" started-at="2023-06-06T19:51:55 IST" name="Login" finished-at="2023-06-06T19:52:00 IST" duration-ms="4661" status="PASS">
          <reporter-output>
          </reporter-output>
        </test-method> <!-- Login -->
        <test-method signature="Purchase_Return()[pri:0, instance:com.bhicmspkg.Tests.PurchaseTest@71687585]" started-at="2023-06-06T19:52:00 IST" name="Purchase_Return" finished-at="2023-06-06T19:52:02 IST" duration-ms="2185" status="PASS">
          <reporter-output>
          </reporter-output>
        </test-method> <!-- Purchase_Return -->
        <test-method is-config="true" signature="Logout()[pri:0, instance:com.bhicmspkg.Tests.PurchaseTest@71687585]" started-at="2023-06-06T19:52:02 IST" name="Logout" finished-at="2023-06-06T19:52:05 IST" duration-ms="2790" status="PASS">
          <reporter-output>
          </reporter-output>
        </test-method> <!-- Logout -->
        <test-method is-config="true" signature="Login()[pri:0, instance:com.bhicmspkg.Tests.PurchaseTest@71687585]" started-at="2023-06-06T19:52:05 IST" name="Login" finished-at="2023-06-06T19:52:10 IST" duration-ms="5083" status="PASS">
          <reporter-output>
          </reporter-output>
        </test-method> <!-- Login -->
        <test-method signature="Purchasebill_Edit()[pri:0, instance:com.bhicmspkg.Tests.PurchaseTest@71687585]" started-at="2023-06-06T19:52:10 IST" name="Purchasebill_Edit" finished-at="2023-06-06T19:52:17 IST" duration-ms="6746" status="FAIL">
          <exception class="org.openqa.selenium.ElementClickInterceptedException">
            <message>
              <![CDATA[element click intercepted: Element <input class="buttonsubmit btn btn-default" id="buttonsubmit" disabled="disabled" name="yt0" type="button" value="Save"> is not clickable at point (631, 539). Other element would receive the click: <footer>...</footer>
  (Session info: chrome=114.0.5735.110)
Build info: version: '3.141.59', revision: 'e82be7d358', time: '2018-11-14T08:17:03'
System info: host: 'LAPTOP-477EAM08', ip: '192.168.29.243', os.name: 'Windows 11', os.arch: 'amd64', os.version: '10.0', java.version: '17.0.7'
Driver info: org.openqa.selenium.chrome.ChromeDriver
Capabilities {acceptInsecureCerts: false, browserName: chrome, browserVersion: 114.0.5735.110, chrome: {chromedriverVersion: 114.0.5735.90 (386bc09e8f4f..., userDataDir: C:\Users\divya\AppData\Loca...}, goog:chromeOptions: {debuggerAddress: localhost:55889}, javascriptEnabled: true, networkConnectionEnabled: false, pageLoadStrategy: normal, platform: WINDOWS, platformName: WINDOWS, proxy: Proxy(), setWindowRect: true, strictFileInteractability: false, timeouts: {implicit: 0, pageLoad: 300000, script: 30000}, unhandledPromptBehavior: dismiss and notify, webauthn:extension:credBlob: true, webauthn:extension:largeBlob: true, webauthn:extension:minPinLength: true, webauthn:extension:prf: true, webauthn:virtualAuthenticators: true}
Session ID: d69c09d159ac305af05dbfc64d306ccd]]>
            </message>
            <full-stacktrace>
              <![CDATA[org.openqa.selenium.ElementClickInterceptedException: element click intercepted: Element <input class="buttonsubmit btn btn-default" id="buttonsubmit" disabled="disabled" name="yt0" type="button" value="Save"> is not clickable at point (631, 539). Other element would receive the click: <footer>...</footer>
  (Session info: chrome=114.0.5735.110)
Build info: version: '3.141.59', revision: 'e82be7d358', time: '2018-11-14T08:17:03'
System info: host: 'LAPTOP-477EAM08', ip: '192.168.29.243', os.name: 'Windows 11', os.arch: 'amd64', os.version: '10.0', java.version: '17.0.7'
Driver info: org.openqa.selenium.chrome.ChromeDriver
Capabilities {acceptInsecureCerts: false, browserName: chrome, browserVersion: 114.0.5735.110, chrome: {chromedriverVersion: 114.0.5735.90 (386bc09e8f4f..., userDataDir: C:\Users\divya\AppData\Loca...}, goog:chromeOptions: {debuggerAddress: localhost:55889}, javascriptEnabled: true, networkConnectionEnabled: false, pageLoadStrategy: normal, platform: WINDOWS, platformName: WINDOWS, proxy: Proxy(), setWindowRect: true, strictFileInteractability: false, timeouts: {implicit: 0, pageLoad: 300000, script: 30000}, unhandledPromptBehavior: dismiss and notify, webauthn:extension:credBlob: true, webauthn:extension:largeBlob: true, webauthn:extension:minPinLength: true, webauthn:extension:prf: true, webauthn:virtualAuthenticators: true}
Session ID: d69c09d159ac305af05dbfc64d306ccd
at java.base/jdk.internal.reflect.NativeConstructorAccessorImpl.newInstance0(Native Method)
at java.base/jdk.internal.reflect.NativeConstructorAccessorImpl.newInstance(NativeConstructorAccessorImpl.java:77)
at java.base/jdk.internal.reflect.DelegatingConstructorAccessorImpl.newInstance(DelegatingConstructorAccessorImpl.java:45)
at java.base/java.lang.reflect.Constructor.newInstanceWithCaller(Constructor.java:499)
at java.base/java.lang.reflect.Constructor.newInstance(Constructor.java:480)
at org.openqa.selenium.remote.http.W3CHttpResponseCodec.createException(W3CHttpResponseCodec.java:187)
at org.openqa.selenium.remote.http.W3CHttpResponseCodec.decode(W3CHttpResponseCodec.java:122)
at org.openqa.selenium.remote.http.W3CHttpResponseCodec.decode(W3CHttpResponseCodec.java:49)
at org.openqa.selenium.remote.HttpCommandExecutor.execute(HttpCommandExecutor.java:158)
at org.openqa.selenium.remote.service.DriverCommandExecutor.execute(DriverCommandExecutor.java:83)
at org.openqa.selenium.remote.RemoteWebDriver.execute(RemoteWebDriver.java:552)
at org.openqa.selenium.remote.RemoteWebElement.execute(RemoteWebElement.java:285)
at org.openqa.selenium.remote.RemoteWebElement.click(RemoteWebElement.java:84)
at jdk.internal.reflect.GeneratedMethodAccessor7.invoke(Unknown Source)
at java.base/jdk.internal.reflect.DelegatingMethodAccessorImpl.invoke(DelegatingMethodAccessorImpl.java:43)
at java.base/java.lang.reflect.Method.invoke(Method.java:568)
at org.openqa.selenium.support.pagefactory.internal.LocatingElementHandler.invoke(LocatingElementHandler.java:51)
at jdk.proxy2/jdk.proxy2.$Proxy15.click(Unknown Source)
at com.bhicmspkg.Pages.PurchasePage.clickpoeditsavebtn(PurchasePage.java:412)
at com.bhicmspkg.Tests.PurchaseTest.Purchasebill_Edit(PurchaseTest.java:349)
at java.base/jdk.internal.reflect.NativeMethodAccessorImpl.invoke0(Native Method)
at java.base/jdk.internal.reflect.NativeMethodAccessorImpl.invoke(NativeMethodAccessorImpl.java:77)
at java.base/jdk.internal.reflect.DelegatingMethodAccessorImpl.invoke(DelegatingMethodAccessorImpl.java:43)
at java.base/java.lang.reflect.Method.invoke(Method.java:568)
at org.testng.internal.MethodInvocationHelper.invokeMethod(MethodInvocationHelper.java:133)
at org.testng.internal.TestInvoker.invokeMethod(TestInvoker.java:598)
at org.testng.internal.TestInvoker.invokeTestMethod(TestInvoker.java:173)
at org.testng.internal.MethodRunner.runInSequence(MethodRunner.java:46)
at org.testng.internal.TestInvoker$MethodInvocationAgent.invoke(TestInvoker.java:824)
at org.testng.internal.TestInvoker.invokeTestMethods(TestInvoker.java:146)
at org.testng.internal.TestMethodWorker.invokeTestMethods(TestMethodWorker.java:146)
at org.testng.internal.TestMethodWorker.run(TestMethodWorker.java:128)
at java.base/java.util.ArrayList.forEach(ArrayList.java:1511)
at org.testng.TestRunner.privateRun(TestRunner.java:794)
at org.testng.TestRunner.run(TestRunner.java:596)
at org.testng.SuiteRunner.runTest(SuiteRunner.java:377)
at org.testng.SuiteRunner.runSequentially(SuiteRunner.java:371)
at org.testng.SuiteRunner.privateRun(SuiteRunner.java:332)
at org.testng.SuiteRunner.run(SuiteRunner.java:276)
at org.testng.SuiteRunnerWorker.runSuite(SuiteRunnerWorker.java:53)
at org.testng.SuiteRunnerWorker.run(SuiteRunnerWorker.java:96)
at org.testng.TestNG.runSuitesSequentially(TestNG.java:1212)
at org.testng.TestNG.runSuitesLocally(TestNG.java:1134)
at org.testng.TestNG.runSuites(TestNG.java:1063)
at org.testng.TestNG.run(TestNG.java:1031)
at org.testng.remote.AbstractRemoteTestNG.run(AbstractRemoteTestNG.java:115)
at org.testng.remote.RemoteTestNG.initAndRun(RemoteTestNG.java:251)
at org.testng.remote.RemoteTestNG.main(RemoteTestNG.java:77)
]]>
            </full-stacktrace>
          </exception> <!-- org.openqa.selenium.ElementClickInterceptedException -->
          <reporter-output>
          </reporter-output>
        </test-method> <!-- Purchasebill_Edit -->
        <test-method is-config="true" signature="Logout()[pri:0, instance:com.bhicmspkg.Tests.PurchaseTest@71687585]" started-at="2023-06-06T19:52:17 IST" name="Logout" finished-at="2023-06-06T19:52:20 IST" duration-ms="2735" status="PASS">
          <reporter-output>
          </reporter-output>
        </test-method> <!-- Logout -->
        <test-method is-config="true" signature="Login()[pri:0, instance:com.bhicmspkg.Tests.PurchaseTest@71687585]" started-at="2023-06-06T19:52:20 IST" name="Login" finished-at="2023-06-06T19:52:23 IST" duration-ms="3772" status="PASS">
          <reporter-output>
          </reporter-output>
        </test-method> <!-- Login -->
        <test-method signature="Purchasebill_View()[pri:0, instance:com.bhicmspkg.Tests.PurchaseTest@71687585]" started-at="2023-06-06T19:52:23 IST" name="Purchasebill_View" finished-at="2023-06-06T19:52:24 IST" duration-ms="1110" status="PASS">
          <reporter-output>
          </reporter-output>
        </test-method> <!-- Purchasebill_View -->
        <test-method is-config="true" signature="Logout()[pri:0, instance:com.bhicmspkg.Tests.PurchaseTest@71687585]" started-at="2023-06-06T19:52:24 IST" name="Logout" finished-at="2023-06-06T19:52:27 IST" duration-ms="2698" status="PASS">
          <reporter-output>
          </reporter-output>
        </test-method> <!-- Logout -->
        <test-method is-config="true" signature="Login()[pri:0, instance:com.bhicmspkg.Tests.PurchaseTest@71687585]" started-at="2023-06-06T19:52:27 IST" name="Login" finished-at="2023-06-06T19:52:31 IST" duration-ms="3391" status="PASS">
          <reporter-output>
          </reporter-output>
        </test-method> <!-- Login -->
        <test-method signature="Purchasebill_Viewreport()[pri:0, instance:com.bhicmspkg.Tests.PurchaseTest@71687585]" started-at="2023-06-06T19:52:31 IST" name="Purchasebill_Viewreport" finished-at="2023-06-06T19:52:33 IST" duration-ms="2198" status="PASS">
          <reporter-output>
          </reporter-output>
        </test-method> <!-- Purchasebill_Viewreport -->
        <test-method is-config="true" signature="Logout()[pri:0, instance:com.bhicmspkg.Tests.PurchaseTest@71687585]" started-at="2023-06-06T19:52:33 IST" name="Logout" finished-at="2023-06-06T19:52:35 IST" duration-ms="2706" status="PASS">
          <reporter-output>
          </reporter-output>
        </test-method> <!-- Logout -->
        <test-method is-config="true" signature="Login()[pri:0, instance:com.bhicmspkg.Tests.PurchaseTest@71687585]" started-at="2023-06-06T19:52:35 IST" name="Login" finished-at="2023-06-06T19:52:39 IST" duration-ms="3372" status="PASS">
          <reporter-output>
          </reporter-output>
        </test-method> <!-- Login -->
        <test-method signature="previousPurchase()[pri:0, instance:com.bhicmspkg.Tests.PurchaseTest@71687585]" started-at="2023-06-06T19:52:39 IST" name="previousPurchase" finished-at="2023-06-06T19:52:42 IST" duration-ms="2995" status="PASS">
          <reporter-output>
          </reporter-output>
        </test-method> <!-- previousPurchase -->
        <test-method is-config="true" signature="Logout()[pri:0, instance:com.bhicmspkg.Tests.PurchaseTest@71687585]" started-at="2023-06-06T19:52:42 IST" name="Logout" finished-at="2023-06-06T19:52:44 IST" duration-ms="2645" status="PASS">
          <reporter-output>
          </reporter-output>
        </test-method> <!-- Logout -->
        <test-method is-config="true" signature="teardown()[pri:0, instance:com.bhicmspkg.Tests.PurchaseTest@71687585]" started-at="2023-06-06T19:52:44 IST" name="teardown" finished-at="2023-06-06T19:52:45 IST" duration-ms="298" status="PASS">
          <reporter-output>
          </reporter-output>
        </test-method> <!-- teardown -->
      </class> <!-- com.bhicmspkg.Tests.PurchaseTest -->
    </test> <!-- Default test -->
  </suite> <!-- Default suite -->
</testng-results>
